[debug] [2018-11-26T05:54:47.671Z] ----------------------------------------------------------------------
[debug] [2018-11-26T05:54:47.689Z] Command:       C:\Program Files\nodejs\node.exe C:\Users\Maye\AppData\Roaming\npm\node_modules\firebase-tools\lib\bin\firebase.js init
[debug] [2018-11-26T05:54:47.690Z] CLI Version:   6.1.1
[debug] [2018-11-26T05:54:47.690Z] Platform:      win32
[debug] [2018-11-26T05:54:47.690Z] Node Version:  v11.2.0
[debug] [2018-11-26T05:54:47.693Z] Time:          Mon Nov 26 2018 08:54:47 GMT+0300 (East Africa Time)
[debug] [2018-11-26T05:54:47.693Z] ----------------------------------------------------------------------
[debug] 
[debug] [2018-11-26T05:54:47.815Z] > command requires scopes: ["email","openid","https://www.googleapis.com/auth/cloudplatformprojects.readonly","https://www.googleapis.com/auth/firebase","https://www.googleapis.com/auth/cloud-platform"]
[debug] [2018-11-26T05:54:47.817Z] > authorizing via signed-in user
[info] 
     ######## #### ########  ######## ########     ###     ######  ########
     ##        ##  ##     ## ##       ##     ##  ##   ##  ##       ##
     ######    ##  ########  ######   ########  #########  ######  ######
     ##        ##  ##    ##  ##       ##     ## ##     ##       ## ##
     ##       #### ##     ## ######## ########  ##     ##  ######  ########

You're about to initialize a Firebase project in this directory:

  C:\Users\Maye\Documents\GitHub\pwa

Before we get started, keep in mind:

  * You are initializing in an existing Firebase project directory

